[02:23:59] [main/INFO] (FabricLoader/GameProvider) Loading Minecraft 1.20.1 with Fabric Loader 0.15.6
[02:23:59] [main/INFO] (FabricLoader) Loading 77 mods:
	- create 0.5.1-d-build.1161+mc1.20.1
	- createmoreautomation 1.0.0-1.20.1
	- dripstone_fluid_lib 3.0.2
	- fabric-api 0.91.0+1.20.1
	- fabric-api-base 0.4.30+7abfd51577
	- fabric-api-lookup-api-v1 1.6.35+4d8536c977
	- fabric-biome-api-v1 13.0.12+215bbe9677
	- fabric-block-api-v1 1.0.10+92a0d36777
	- fabric-block-view-api-v2 1.0.0+92a0d36777
	- fabric-command-api-v1 1.2.33+f71b366f77
	- fabric-command-api-v2 2.2.12+b3afc78b77
	- fabric-commands-v0 0.2.50+df3654b377
	- fabric-containers-v0 0.1.63+df3654b377
	- fabric-content-registries-v0 4.0.10+57aed33f77
	- fabric-convention-tags-v1 1.5.4+a1a980da77
	- fabric-crash-report-info-v1 0.2.18+aeb40ebe77
	- fabric-data-generation-api-v1 12.3.3+d7b148e077
	- fabric-dimensions-v1 2.1.53+8536527b77
	- fabric-entity-events-v1 1.5.22+b3afc78b77
	- fabric-events-interaction-v0 0.6.1+e91849a877
	- fabric-events-lifecycle-v0 0.2.62+df3654b377
	- fabric-game-rule-api-v1 1.0.39+ae9f657a77
	- fabric-gametest-api-v1 1.2.12+b3afc78b77
	- fabric-item-api-v1 2.1.27+b3afc78b77
	- fabric-item-group-api-v1 4.0.11+d7b148e077
	- fabric-lifecycle-events-v1 2.2.21+b3afc78b77
	- fabric-loot-api-v2 1.2.0+96dfa95977
	- fabric-loot-tables-v1 1.1.44+9e7660c677
	- fabric-message-api-v1 5.1.8+d7b148e077
	- fabric-mining-level-api-v1 2.1.49+b3afc78b77
	- fabric-networking-api-v1 1.3.10+eeb8eb3677
	- fabric-networking-v0 0.3.50+df3654b377
	- fabric-object-builder-api-v1 11.1.2+4ee0bc6077
	- fabric-particles-v1 1.1.1+201a23a077
	- fabric-recipe-api-v1 1.0.20+b3afc78b77
	- fabric-registry-sync-v0 2.3.2+4df89eb277
	- fabric-rendering-data-attachment-v1 0.3.36+92a0d36777
	- fabric-rendering-fluids-v1 3.0.27+b3afc78b77
	- fabric-resource-conditions-api-v1 2.3.7+29de845d77
	- fabric-resource-loader-v0 0.11.9+132c48c177
	- fabric-screen-handler-api-v1 1.3.29+b3afc78b77
	- fabric-transfer-api-v1 3.3.3+c81d263177
	- fabric-transitive-access-wideners-v1 4.3.0+6c31357e77
	- fabricloader 0.15.6
	- forgeconfigapiport 8.0.0
	- java 17
	- jei 15.2.0.27
	- milk 1.2.60
	- minecraft 1.20.1
	- mixinextras 0.3.2
	- mm 2.3
	- porting_lib_accessors 2.1.1127+1.20
	- porting_lib_attributes 2.1.1127+1.20
	- porting_lib_base 2.1.1127+1.20
	- porting_lib_brewing 2.1.1127+1.20
	- porting_lib_client_events 2.1.1127+1.20
	- porting_lib_common 2.1.1127+1.20
	- porting_lib_core 2.1.1127+1.20
	- porting_lib_data 2.1.1090+1.20
	- porting_lib_entity 2.1.1127+1.20
	- porting_lib_extensions 2.1.1127+1.20
	- porting_lib_fake_players 2.1.1127+1.20
	- porting_lib_gametest 2.1.1127+1.20
	- porting_lib_lazy_registration 2.1.1127+1.20
	- porting_lib_mixin_extensions 2.1.1127+1.20
	- porting_lib_model_generators 2.1.1090+1.20
	- porting_lib_model_loader 2.1.1127+1.20
	- porting_lib_model_materials 2.1.1090+1.20
	- porting_lib_models 2.1.1127+1.20
	- porting_lib_networking 2.1.1127+1.20
	- porting_lib_obj_loader 2.1.1127+1.20
	- porting_lib_tags 3.0
	- porting_lib_tool_actions 2.1.1127+1.20
	- porting_lib_transfer 2.1.1127+1.20
	- porting_lib_utility 2.1.1127+1.20
	- reach-entity-attributes 2.4.0
	- registrate-fabric 1.3.62-MC1.20.1
[02:23:59] [main/INFO] (FabricLoader/Mixin) SpongePowered MIXIN Subsystem Version=0.8.5 Source=file:/C:/Users/Admin/.gradle/caches/modules-2/files-2.1/net.fabricmc/sponge-mixin/0.12.5+mixin.0.8.5/8d31fb97c3e0cd7c8dad3441851c523bcfae6d8e/sponge-mixin-0.12.5+mixin.0.8.5.jar Service=Knot/Fabric Env=SERVER
[02:24:00] [main/INFO] (FabricLoader/Mixin) Loaded Fabric development mappings for mixin remapper!
[02:24:00] [main/INFO] (FabricLoader/Mixin) Compatibility level set to JAVA_16
[02:24:00] [main/INFO] (FabricLoader/Mixin) Compatibility level set to JAVA_17
[02:24:00] [main/WARN] (FabricLoader/Mixin) Error loading class: io/vram/frex/base/renderer/context/render/EntityBlockRenderContext (java.lang.ClassNotFoundException: io/vram/frex/base/renderer/context/render/EntityBlockRenderContext)
[02:24:00] [main/WARN] (FabricLoader/Mixin) @Mixin target io.vram.frex.base.renderer.context.render.EntityBlockRenderContext was not found porting_lib_base.mixins.json:client.frex.EntityBlockRenderContextMixin from mod porting_lib_base
[02:24:00] [main/WARN] (FabricLoader/Mixin) Error loading class: net/minecraft/client/render/block/entity/BlockEntityRendererFactories (java.lang.RuntimeException: Cannot load class net.minecraft.client.render.block.entity.BlockEntityRendererFactories in environment type SERVER)
[02:24:00] [main/WARN] (FabricLoader/Mixin) @Mixin target net.minecraft.client.render.block.entity.BlockEntityRendererFactories was not found registrate-fabric.mixins.json:accessor.BlockEntityRenderersAccessor from mod registrate-fabric
[02:24:01] [main/INFO] (FabricLoader/MixinExtras|Service) Initializing MixinExtras via com.llamalad7.mixinextras.service.MixinExtrasServiceImpl(version=0.3.2).
[02:24:08] [main/INFO] (MM) Definitely not up to no good
[02:24:08] [main/INFO] (createmoreautomation) Registering Items for createmoreautomation
[02:24:10] [main/ERROR] (Minecraft) Failed to load properties from file: server.properties
java.nio.file.NoSuchFileException: server.properties
	at sun.nio.fs.WindowsException.translateToIOException(WindowsException.java:85) ~[?:?]
	at sun.nio.fs.WindowsException.rethrowAsIOException(WindowsException.java:103) ~[?:?]
	at sun.nio.fs.WindowsException.rethrowAsIOException(WindowsException.java:108) ~[?:?]
	at sun.nio.fs.WindowsFileSystemProvider.newByteChannel(WindowsFileSystemProvider.java:236) ~[?:?]
	at java.nio.file.Files.newByteChannel(Files.java:380) ~[?:?]
	at java.nio.file.Files.newByteChannel(Files.java:432) ~[?:?]
	at java.nio.file.spi.FileSystemProvider.newInputStream(FileSystemProvider.java:422) ~[?:?]
	at java.nio.file.Files.newInputStream(Files.java:160) ~[?:?]
	at net.minecraft.server.dedicated.AbstractPropertiesHandler.loadProperties(AbstractPropertiesHandler.java:62) ~[minecraft-merged-280e29ca61-1.20.1-loom.mappings.1_20_1.layered+hash.1898639716-v2.jar:?]
	at net.minecraft.server.dedicated.ServerPropertiesHandler.load(ServerPropertiesHandler.java:137) ~[minecraft-merged-280e29ca61-1.20.1-loom.mappings.1_20_1.layered+hash.1898639716-v2.jar:?]
	at net.minecraft.server.dedicated.ServerPropertiesLoader.<init>(ServerPropertiesLoader.java:12) ~[minecraft-merged-280e29ca61-1.20.1-loom.mappings.1_20_1.layered+hash.1898639716-v2.jar:?]
	at net.minecraft.server.Main.main(Main.java:115) ~[minecraft-merged-280e29ca61-1.20.1-loom.mappings.1_20_1.layered+hash.1898639716-v2.jar:?]
	at net.fabricmc.loader.impl.game.minecraft.MinecraftGameProvider.launch(MinecraftGameProvider.java:470) ~[fabric-loader-0.15.6.jar:?]
	at net.fabricmc.loader.impl.launch.knot.Knot.launch(Knot.java:74) ~[fabric-loader-0.15.6.jar:?]
	at net.fabricmc.loader.impl.launch.knot.KnotServer.main(KnotServer.java:23) ~[fabric-loader-0.15.6.jar:?]
	at net.fabricmc.devlaunchinjector.Main.main(Main.java:86) ~[dev-launch-injector-0.2.1+build.8.jar:?]
[02:24:10] [main/WARN] (Minecraft) Failed to load eula.txt
[02:24:10] [main/INFO] (Minecraft) You need to agree to the EULA in order to run the server. Go to eula.txt for more info.
